<?xml version="1.0" encoding="UTF-8"?>
<testng-results ignored="0" total="1" passed="1" failed="0" skipped="0">
  <reporter-output>
  </reporter-output>
  <suite started-at="2025-02-05T01:08:03 BDT" name="Default suite" finished-at="2025-02-05T01:08:11 BDT" duration-ms="7448">
    <groups>
    </groups>
    <test started-at="2025-02-05T01:08:03 BDT" name="Default test" finished-at="2025-02-05T01:08:11 BDT" duration-ms="7448">
      <class name="com.batch.CrossBrowserInit">
        <test-method is-config="true" signature="startBrowser()[pri:0, instance:com.example.tests.CrossBrowserInit@62ddbd7e]" started-at="2025-02-05T01:08:02 BDT" name="startBrowser" finished-at="2025-02-05T01:08:03 BDT" duration-ms="1336" status="PASS">
          <reporter-output>
          </reporter-output>
        </test-method> <!-- startBrowser -->
        <test-method signature="openUrl()[pri:0, instance:com.example.tests.CrossBrowserInit@62ddbd7e]" started-at="2025-02-05T01:08:03 BDT" name="openUrl" finished-at="2025-02-05T01:08:11 BDT" duration-ms="7419" status="PASS">
          <reporter-output>
          </reporter-output>
        </test-method> <!-- openUrl -->
        <test-method is-config="true" signature="closeCrossBrowser()[pri:0, instance:com.example.tests.CrossBrowserInit@62ddbd7e]" started-at="2025-02-05T01:08:11 BDT" name="closeCrossBrowser" finished-at="2025-02-05T01:08:11 BDT" duration-ms="138" status="PASS">
          <reporter-output>
          </reporter-output>
        </test-method> <!-- closeCrossBrowser -->
      </class> <!-- com.com.batch.CrossBrowserInit -->
    </test> <!-- Default test -->
  </suite> <!-- Default suite -->
</testng-results>
